2025-05-29 13:34:53 [main] INFO  o.e.t.TokenManagerApplication - Starting TokenManagerApplication using Java 23.0.1 with PID 3483 (/Users/isabellaoren/IdeaProjects/token-management-service/target/classes started by isabellaoren in /Users/isabellaoren/IdeaProjects/token-management-service)
2025-05-29 13:34:53 [main] INFO  o.e.t.TokenManagerApplication - No active profile set, falling back to 1 default profile: "default"
2025-05-29 13:34:54 [main] INFO  o.s.d.r.c.RepositoryConfigurationDelegate - Bootstrapping Spring Data JPA repositories in DEFAULT mode.
2025-05-29 13:34:54 [main] INFO  o.s.d.r.c.RepositoryConfigurationDelegate - Finished Spring Data repository scanning in 12 ms. Found 2 JPA repository interfaces.
2025-05-29 13:34:54 [main] INFO  o.s.b.w.e.tomcat.TomcatWebServer - Tomcat initialized with port 8080 (http)
2025-05-29 13:34:54 [main] INFO  o.a.coyote.http11.Http11NioProtocol - Initializing ProtocolHandler ["http-nio-8080"]
2025-05-29 13:34:54 [main] INFO  o.a.catalina.core.StandardService - Starting service [Tomcat]
2025-05-29 13:34:54 [main] INFO  o.a.catalina.core.StandardEngine - Starting Servlet engine: [Apache Tomcat/10.1.20]
2025-05-29 13:34:54 [main] INFO  o.a.c.c.C.[Tomcat].[localhost].[/] - Initializing Spring embedded WebApplicationContext
2025-05-29 13:34:54 [main] INFO  o.s.b.w.s.c.ServletWebServerApplicationContext - Root WebApplicationContext: initialization completed in 355 ms
2025-05-29 13:34:54 [main] INFO  o.h.jpa.internal.util.LogHelper - HHH000204: Processing PersistenceUnitInfo [name: default]
2025-05-29 13:34:54 [main] INFO  org.hibernate.Version - HHH000412: Hibernate ORM core version 6.4.4.Final
2025-05-29 13:34:54 [main] INFO  o.h.c.i.RegionFactoryInitiator - HHH000026: Second-level cache disabled
2025-05-29 13:34:54 [main] INFO  o.s.o.j.p.SpringPersistenceUnitInfo - No LoadTimeWeaver setup: ignoring JPA class transformer
2025-05-29 13:34:54 [main] INFO  com.zaxxer.hikari.HikariDataSource - HikariPool-1 - Starting...
2025-05-29 13:34:54 [main] INFO  com.zaxxer.hikari.pool.HikariPool - HikariPool-1 - Added connection org.postgresql.jdbc.PgConnection@516195cf
2025-05-29 13:34:54 [main] INFO  com.zaxxer.hikari.HikariDataSource - HikariPool-1 - Start completed.
2025-05-29 13:34:54 [main] INFO  o.h.e.t.j.p.i.JtaPlatformInitiator - HHH000489: No JTA platform available (set 'hibernate.transaction.jta.platform' to enable JTA platform integration)
2025-05-29 13:34:54 [main] INFO  o.s.o.j.LocalContainerEntityManagerFactoryBean - Initialized JPA EntityManagerFactory for persistence unit 'default'
2025-05-29 13:34:54 [main] WARN  o.s.b.a.o.j.JpaBaseConfiguration$JpaWebConfiguration - spring.jpa.open-in-view is enabled by default. Therefore, database queries may be performed during view rendering. Explicitly configure spring.jpa.open-in-view to disable this warning
2025-05-29 13:34:55 [main] INFO  o.a.coyote.http11.Http11NioProtocol - Starting ProtocolHandler ["http-nio-8080"]
2025-05-29 13:34:55 [main] INFO  o.s.b.w.e.tomcat.TomcatWebServer - Tomcat started on port 8080 (http) with context path ''
2025-05-29 13:34:55 [main] INFO  o.e.t.TokenManagerApplication - Started TokenManagerApplication in 1.306 seconds (process running for 1.425)
2025-05-29 13:35:15 [http-nio-8080-exec-1] INFO  o.a.c.c.C.[Tomcat].[localhost].[/] - Initializing Spring DispatcherServlet 'dispatcherServlet'
2025-05-29 13:35:15 [http-nio-8080-exec-1] INFO  o.s.web.servlet.DispatcherServlet - Initializing Servlet 'dispatcherServlet'
2025-05-29 13:35:15 [http-nio-8080-exec-1] INFO  o.s.web.servlet.DispatcherServlet - Completed initialization in 1 ms
2025-05-29 13:35:15 [http-nio-8080-exec-1] INFO  o.e.t.controller.AuditController - Fetching audit logs for user 'testUser'
2025-05-29 13:35:15 [http-nio-8080-exec-1] DEBUG org.hibernate.SQL - 
    select
        al1_0.id,
        al1_0.action,
        al1_0.timestamp,
        al1_0.token_value,
        al1_0.user_id 
    from
        audit_logs al1_0 
    where
        al1_0.user_id=?
2025-05-29 13:35:26 [http-nio-8080-exec-2] INFO  o.e.t.controller.AuditController - Fetching audit logs for user 'testUser1'
2025-05-29 13:35:26 [http-nio-8080-exec-2] DEBUG org.hibernate.SQL - 
    select
        al1_0.id,
        al1_0.action,
        al1_0.timestamp,
        al1_0.token_value,
        al1_0.user_id 
    from
        audit_logs al1_0 
    where
        al1_0.user_id=?
2025-05-29 13:35:30 [http-nio-8080-exec-3] INFO  o.e.t.controller.AuditController - Fetching audit logs for user 'testUser1'
2025-05-29 13:35:30 [http-nio-8080-exec-3] DEBUG org.hibernate.SQL - 
    select
        al1_0.id,
        al1_0.action,
        al1_0.timestamp,
        al1_0.token_value,
        al1_0.user_id 
    from
        audit_logs al1_0 
    where
        al1_0.user_id=?
2025-05-29 13:35:49 [SpringApplicationShutdownHook] INFO  o.s.o.j.LocalContainerEntityManagerFactoryBean - Closing JPA EntityManagerFactory for persistence unit 'default'
2025-05-29 13:35:49 [SpringApplicationShutdownHook] INFO  com.zaxxer.hikari.HikariDataSource - HikariPool-1 - Shutdown initiated...
2025-05-29 13:35:49 [SpringApplicationShutdownHook] INFO  com.zaxxer.hikari.HikariDataSource - HikariPool-1 - Shutdown completed.
2025-05-29 14:33:06 [main] INFO  o.e.t.controller.TokenControllerTest - Starting TokenControllerTest using Java 23.0.1 with PID 4972 (started by isabellaoren in /Users/isabellaoren/IdeaProjects/token-management-service)
2025-05-29 14:33:06 [main] INFO  o.e.t.controller.TokenControllerTest - No active profile set, falling back to 1 default profile: "default"
2025-05-29 14:33:07 [main] INFO  o.s.b.t.m.w.SpringBootMockServletContext - Initializing Spring TestDispatcherServlet ''
2025-05-29 14:33:07 [main] INFO  o.s.t.w.s.TestDispatcherServlet - Initializing Servlet ''
2025-05-29 14:33:07 [main] INFO  o.s.t.w.s.TestDispatcherServlet - Completed initialization in 0 ms
2025-05-29 14:33:07 [main] INFO  o.e.t.controller.TokenControllerTest - Started TokenControllerTest in 0.926 seconds (process running for 1.431)
2025-05-29 14:33:07 [main] INFO  o.e.t.controller.TokenController - Received request: Invalidate token 't123'
2025-05-29 14:33:07 [main] INFO  o.e.t.controller.TokenController - Received request: Generate token for user 'user1'
2025-05-29 14:33:07 [main] INFO  o.e.t.controller.TokenController - Received request: List tokens for user 'user1'
2025-05-29 14:33:07 [main] INFO  o.e.t.controller.TokenController - Received request: Rotate token 'oldToken'
2025-05-29 14:41:41 [main] INFO  o.e.t.controller.TokenControllerTest - Starting TokenControllerTest using Java 23.0.1 with PID 5221 (started by isabellaoren in /Users/isabellaoren/IdeaProjects/token-management-service)
2025-05-29 14:41:41 [main] INFO  o.e.t.controller.TokenControllerTest - No active profile set, falling back to 1 default profile: "default"
2025-05-29 14:41:42 [main] INFO  o.s.b.t.m.w.SpringBootMockServletContext - Initializing Spring TestDispatcherServlet ''
2025-05-29 14:41:42 [main] INFO  o.s.t.w.s.TestDispatcherServlet - Initializing Servlet ''
2025-05-29 14:41:42 [main] INFO  o.s.t.w.s.TestDispatcherServlet - Completed initialization in 0 ms
2025-05-29 14:41:42 [main] INFO  o.e.t.controller.TokenControllerTest - Started TokenControllerTest in 0.882 seconds (process running for 1.261)
2025-05-29 14:41:42 [main] INFO  o.e.t.controller.TokenController - Received request: Invalidate token 't123'
2025-05-29 14:41:42 [main] INFO  o.e.t.controller.TokenController - Received request: Generate token for user 'user1'
2025-05-29 14:41:42 [main] INFO  o.e.t.controller.TokenController - Received request: List tokens for user 'user1'
2025-05-29 14:41:42 [main] INFO  o.e.t.controller.TokenController - Received request: Rotate token 'oldToken'
2025-05-29 14:41:42 [main] INFO  o.e.t.service.TokenService - Generating token for user 'testUser'
2025-05-29 14:41:42 [main] INFO  o.e.t.service.TokenService - Attempting to invalidate token: notFoundToken
2025-05-29 14:41:42 [main] ERROR o.e.t.service.TokenService - Token invalidation failed: token not found - notFoundToken
2025-05-29 14:41:42 [main] INFO  o.e.t.service.TokenService - Listing tokens for user 'noUser'
2025-05-29 14:41:42 [main] WARN  o.e.t.service.TokenService - Token already invalid: rawOld
2025-05-29 14:41:42 [main] INFO  o.e.t.service.TokenService - Generating token for user 'auditTest'
2025-05-29 14:41:42 [main] INFO  o.e.t.service.TokenService - Token rotated for user 'testUser'.
2025-05-29 14:41:42 [main] INFO  o.e.t.service.TokenService - Attempting to invalidate token: rawToken
2025-05-29 14:41:42 [main] INFO  o.e.t.service.TokenService - Token invalidated for user 'user1'.
2025-05-29 14:41:42 [main] ERROR o.e.t.service.TokenService - Token rotation failed: token not found - invalidToken
2025-05-29 14:41:42 [main] INFO  o.e.t.service.TokenService - Attempting to invalidate token: missingToken
2025-05-29 14:41:42 [main] ERROR o.e.t.service.TokenService - Token invalidation failed: token not found - missingToken
2025-05-29 14:42:17 [main] INFO  o.e.t.TokenManagerApplication - Starting TokenManagerApplication using Java 23.0.1 with PID 5260 (/Users/isabellaoren/IdeaProjects/token-management-service/target/classes started by isabellaoren in /Users/isabellaoren/IdeaProjects/token-management-service)
2025-05-29 14:42:17 [main] INFO  o.e.t.TokenManagerApplication - No active profile set, falling back to 1 default profile: "default"
2025-05-29 14:42:17 [main] INFO  o.s.d.r.c.RepositoryConfigurationDelegate - Bootstrapping Spring Data JPA repositories in DEFAULT mode.
2025-05-29 14:42:17 [main] INFO  o.s.d.r.c.RepositoryConfigurationDelegate - Finished Spring Data repository scanning in 15 ms. Found 2 JPA repository interfaces.
2025-05-29 14:42:18 [main] INFO  o.s.b.w.e.tomcat.TomcatWebServer - Tomcat initialized with port 8080 (http)
2025-05-29 14:42:18 [main] INFO  o.a.coyote.http11.Http11NioProtocol - Initializing ProtocolHandler ["http-nio-8080"]
2025-05-29 14:42:18 [main] INFO  o.a.catalina.core.StandardService - Starting service [Tomcat]
2025-05-29 14:42:18 [main] INFO  o.a.catalina.core.StandardEngine - Starting Servlet engine: [Apache Tomcat/10.1.20]
2025-05-29 14:42:18 [main] INFO  o.a.c.c.C.[Tomcat].[localhost].[/] - Initializing Spring embedded WebApplicationContext
2025-05-29 14:42:18 [main] INFO  o.s.b.w.s.c.ServletWebServerApplicationContext - Root WebApplicationContext: initialization completed in 441 ms
2025-05-29 14:42:18 [main] INFO  o.h.jpa.internal.util.LogHelper - HHH000204: Processing PersistenceUnitInfo [name: default]
2025-05-29 14:42:18 [main] INFO  org.hibernate.Version - HHH000412: Hibernate ORM core version 6.4.4.Final
2025-05-29 14:42:18 [main] INFO  o.h.c.i.RegionFactoryInitiator - HHH000026: Second-level cache disabled
2025-05-29 14:42:18 [main] INFO  o.s.o.j.p.SpringPersistenceUnitInfo - No LoadTimeWeaver setup: ignoring JPA class transformer
2025-05-29 14:42:18 [main] INFO  com.zaxxer.hikari.HikariDataSource - HikariPool-1 - Starting...
2025-05-29 14:42:18 [main] INFO  com.zaxxer.hikari.pool.HikariPool - HikariPool-1 - Added connection org.postgresql.jdbc.PgConnection@71b26880
2025-05-29 14:42:18 [main] INFO  com.zaxxer.hikari.HikariDataSource - HikariPool-1 - Start completed.
2025-05-29 14:42:18 [main] INFO  o.h.e.t.j.p.i.JtaPlatformInitiator - HHH000489: No JTA platform available (set 'hibernate.transaction.jta.platform' to enable JTA platform integration)
2025-05-29 14:42:18 [main] INFO  o.s.o.j.LocalContainerEntityManagerFactoryBean - Initialized JPA EntityManagerFactory for persistence unit 'default'
2025-05-29 14:42:18 [main] WARN  o.s.b.a.o.j.JpaBaseConfiguration$JpaWebConfiguration - spring.jpa.open-in-view is enabled by default. Therefore, database queries may be performed during view rendering. Explicitly configure spring.jpa.open-in-view to disable this warning
2025-05-29 14:42:19 [main] INFO  o.a.coyote.http11.Http11NioProtocol - Starting ProtocolHandler ["http-nio-8080"]
2025-05-29 14:42:19 [main] INFO  o.s.b.w.e.tomcat.TomcatWebServer - Tomcat started on port 8080 (http) with context path ''
2025-05-29 14:42:19 [main] INFO  o.e.t.TokenManagerApplication - Started TokenManagerApplication in 1.508 seconds (process running for 1.642)
2025-05-29 14:43:25 [http-nio-8080-exec-1] INFO  o.a.c.c.C.[Tomcat].[localhost].[/] - Initializing Spring DispatcherServlet 'dispatcherServlet'
2025-05-29 14:43:25 [http-nio-8080-exec-1] INFO  o.s.web.servlet.DispatcherServlet - Initializing Servlet 'dispatcherServlet'
2025-05-29 14:43:25 [http-nio-8080-exec-1] INFO  o.s.web.servlet.DispatcherServlet - Completed initialization in 1 ms
2025-05-29 14:43:25 [http-nio-8080-exec-1] INFO  o.e.t.controller.TokenController - Received request: Generate token for user 'testUser'
2025-05-29 14:43:25 [http-nio-8080-exec-1] INFO  o.e.t.service.TokenService - Generating token for user 'testUser'
2025-05-29 14:43:25 [http-nio-8080-exec-1] DEBUG org.hibernate.SQL - 
    insert 
    into
        tokens
        (created_at, last_used_at, rotated_at, token_value, user_id, valid_token) 
    values
        (?, ?, ?, ?, ?, ?)
2025-05-29 14:43:25 [http-nio-8080-exec-1] DEBUG org.hibernate.SQL - 
    insert 
    into
        audit_logs
        (action, timestamp, token_value, user_id) 
    values
        (?, ?, ?, ?)
2025-05-29 14:43:32 [http-nio-8080-exec-2] INFO  o.e.t.controller.TokenController - Received request: Generate token for user 'testUser'
2025-05-29 14:43:32 [http-nio-8080-exec-2] INFO  o.e.t.service.TokenService - Generating token for user 'testUser'
2025-05-29 14:43:32 [http-nio-8080-exec-2] DEBUG org.hibernate.SQL - 
    insert 
    into
        tokens
        (created_at, last_used_at, rotated_at, token_value, user_id, valid_token) 
    values
        (?, ?, ?, ?, ?, ?)
2025-05-29 14:43:32 [http-nio-8080-exec-2] DEBUG org.hibernate.SQL - 
    insert 
    into
        audit_logs
        (action, timestamp, token_value, user_id) 
    values
        (?, ?, ?, ?)
2025-05-29 14:43:34 [http-nio-8080-exec-3] INFO  o.e.t.controller.TokenController - Received request: Generate token for user 'testUser'
2025-05-29 14:43:34 [http-nio-8080-exec-3] INFO  o.e.t.service.TokenService - Generating token for user 'testUser'
2025-05-29 14:43:34 [http-nio-8080-exec-3] DEBUG org.hibernate.SQL - 
    insert 
    into
        tokens
        (created_at, last_used_at, rotated_at, token_value, user_id, valid_token) 
    values
        (?, ?, ?, ?, ?, ?)
2025-05-29 14:43:34 [http-nio-8080-exec-3] DEBUG org.hibernate.SQL - 
    insert 
    into
        audit_logs
        (action, timestamp, token_value, user_id) 
    values
        (?, ?, ?, ?)
2025-05-29 14:43:34 [http-nio-8080-exec-4] INFO  o.e.t.controller.TokenController - Received request: Generate token for user 'testUser'
2025-05-29 14:43:34 [http-nio-8080-exec-4] INFO  o.e.t.service.TokenService - Generating token for user 'testUser'
2025-05-29 14:43:34 [http-nio-8080-exec-4] DEBUG org.hibernate.SQL - 
    insert 
    into
        tokens
        (created_at, last_used_at, rotated_at, token_value, user_id, valid_token) 
    values
        (?, ?, ?, ?, ?, ?)
2025-05-29 14:43:34 [http-nio-8080-exec-4] DEBUG org.hibernate.SQL - 
    insert 
    into
        audit_logs
        (action, timestamp, token_value, user_id) 
    values
        (?, ?, ?, ?)
2025-05-29 14:43:35 [http-nio-8080-exec-5] INFO  o.e.t.controller.TokenController - Received request: Generate token for user 'testUser'
2025-05-29 14:43:35 [http-nio-8080-exec-5] INFO  o.e.t.service.TokenService - Generating token for user 'testUser'
2025-05-29 14:43:35 [http-nio-8080-exec-5] DEBUG org.hibernate.SQL - 
    insert 
    into
        tokens
        (created_at, last_used_at, rotated_at, token_value, user_id, valid_token) 
    values
        (?, ?, ?, ?, ?, ?)
2025-05-29 14:43:35 [http-nio-8080-exec-5] DEBUG org.hibernate.SQL - 
    insert 
    into
        audit_logs
        (action, timestamp, token_value, user_id) 
    values
        (?, ?, ?, ?)
2025-05-29 14:43:51 [http-nio-8080-exec-6] INFO  o.e.t.controller.TokenController - Received request: Rotate token 'OK1lmTLcUUsncCnMD94-YMpR_OqsPvBqk4QlvrlNvvw"'
2025-05-29 14:43:51 [http-nio-8080-exec-6] DEBUG org.hibernate.SQL - 
    select
        t1_0.id,
        t1_0.created_at,
        t1_0.last_used_at,
        t1_0.rotated_at,
        t1_0.token_value,
        t1_0.user_id,
        t1_0.valid_token 
    from
        tokens t1_0 
    where
        t1_0.token_value=?
2025-05-29 14:43:51 [http-nio-8080-exec-6] ERROR o.e.t.service.TokenService - Token rotation failed: token not found - OK1lmTLcUUsncCnMD94-YMpR_OqsPvBqk4QlvrlNvvw"
2025-05-29 14:44:06 [http-nio-8080-exec-7] INFO  o.e.t.controller.TokenController - Received request: Rotate token 'OK1lmTLcUUsncCnMD94-YMpR_OqsPvBqk4QlvrlNvvw'
2025-05-29 14:44:06 [http-nio-8080-exec-7] DEBUG org.hibernate.SQL - 
    select
        t1_0.id,
        t1_0.created_at,
        t1_0.last_used_at,
        t1_0.rotated_at,
        t1_0.token_value,
        t1_0.user_id,
        t1_0.valid_token 
    from
        tokens t1_0 
    where
        t1_0.token_value=?
2025-05-29 14:44:06 [http-nio-8080-exec-7] DEBUG org.hibernate.SQL - 
    update
        tokens 
    set
        created_at=?,
        last_used_at=?,
        rotated_at=?,
        token_value=?,
        user_id=?,
        valid_token=? 
    where
        id=?
2025-05-29 14:44:06 [http-nio-8080-exec-7] DEBUG org.hibernate.SQL - 
    insert 
    into
        tokens
        (created_at, last_used_at, rotated_at, token_value, user_id, valid_token) 
    values
        (?, ?, ?, ?, ?, ?)
2025-05-29 14:44:06 [http-nio-8080-exec-7] INFO  o.e.t.service.TokenService - Token rotated for user 'testUser'.
2025-05-29 14:44:06 [http-nio-8080-exec-7] DEBUG org.hibernate.SQL - 
    insert 
    into
        audit_logs
        (action, timestamp, token_value, user_id) 
    values
        (?, ?, ?, ?)
2025-05-29 14:44:06 [http-nio-8080-exec-7] DEBUG org.hibernate.SQL - 
    insert 
    into
        audit_logs
        (action, timestamp, token_value, user_id) 
    values
        (?, ?, ?, ?)
2025-05-29 14:44:15 [http-nio-8080-exec-8] INFO  o.e.t.controller.TokenController - Received request: List tokens for user 'testUser'
2025-05-29 14:44:15 [http-nio-8080-exec-8] INFO  o.e.t.service.TokenService - Listing tokens for user 'testUser'
2025-05-29 14:44:15 [http-nio-8080-exec-8] DEBUG org.hibernate.SQL - 
    select
        t1_0.id,
        t1_0.created_at,
        t1_0.last_used_at,
        t1_0.rotated_at,
        t1_0.token_value,
        t1_0.user_id,
        t1_0.valid_token 
    from
        tokens t1_0 
    where
        t1_0.user_id=?
2025-05-29 14:44:16 [http-nio-8080-exec-9] INFO  o.e.t.controller.TokenController - Received request: List tokens for user 'testUser'
2025-05-29 14:44:16 [http-nio-8080-exec-9] INFO  o.e.t.service.TokenService - Listing tokens for user 'testUser'
2025-05-29 14:44:16 [http-nio-8080-exec-9] DEBUG org.hibernate.SQL - 
    select
        t1_0.id,
        t1_0.created_at,
        t1_0.last_used_at,
        t1_0.rotated_at,
        t1_0.token_value,
        t1_0.user_id,
        t1_0.valid_token 
    from
        tokens t1_0 
    where
        t1_0.user_id=?
2025-05-29 14:44:37 [http-nio-8080-exec-10] INFO  o.e.t.controller.TokenController - Received request: Invalidate token 'OK1lmTLcUUsncCnMD94-YMpR_OqsPvBqk4QlvrlNvvw'
2025-05-29 14:44:37 [http-nio-8080-exec-10] INFO  o.e.t.service.TokenService - Attempting to invalidate token: OK1lmTLcUUsncCnMD94-YMpR_OqsPvBqk4QlvrlNvvw
2025-05-29 14:44:37 [http-nio-8080-exec-10] DEBUG org.hibernate.SQL - 
    select
        t1_0.id,
        t1_0.created_at,
        t1_0.last_used_at,
        t1_0.rotated_at,
        t1_0.token_value,
        t1_0.user_id,
        t1_0.valid_token 
    from
        tokens t1_0 
    where
        t1_0.token_value=?
2025-05-29 14:44:37 [http-nio-8080-exec-10] INFO  o.e.t.service.TokenService - Token invalidated for user 'testUser'.
2025-05-29 14:44:37 [http-nio-8080-exec-10] DEBUG org.hibernate.SQL - 
    insert 
    into
        audit_logs
        (action, timestamp, token_value, user_id) 
    values
        (?, ?, ?, ?)
2025-05-29 14:44:41 [http-nio-8080-exec-1] INFO  o.e.t.controller.TokenController - Received request: List tokens for user 'testUser'
2025-05-29 14:44:41 [http-nio-8080-exec-1] INFO  o.e.t.service.TokenService - Listing tokens for user 'testUser'
2025-05-29 14:44:41 [http-nio-8080-exec-1] DEBUG org.hibernate.SQL - 
    select
        t1_0.id,
        t1_0.created_at,
        t1_0.last_used_at,
        t1_0.rotated_at,
        t1_0.token_value,
        t1_0.user_id,
        t1_0.valid_token 
    from
        tokens t1_0 
    where
        t1_0.user_id=?
2025-05-29 14:45:21 [http-nio-8080-exec-2] INFO  o.e.t.controller.TokenController - Received request: List tokens for user 'testUser33'
2025-05-29 14:45:21 [http-nio-8080-exec-2] INFO  o.e.t.service.TokenService - Listing tokens for user 'testUser33'
2025-05-29 14:45:21 [http-nio-8080-exec-2] DEBUG org.hibernate.SQL - 
    select
        t1_0.id,
        t1_0.created_at,
        t1_0.last_used_at,
        t1_0.rotated_at,
        t1_0.token_value,
        t1_0.user_id,
        t1_0.valid_token 
    from
        tokens t1_0 
    where
        t1_0.user_id=?
2025-05-29 14:45:29 [http-nio-8080-exec-3] INFO  o.e.t.controller.TokenController - Received request: Generate token for user 'testUser33'
2025-05-29 14:45:29 [http-nio-8080-exec-3] INFO  o.e.t.service.TokenService - Generating token for user 'testUser33'
2025-05-29 14:45:29 [http-nio-8080-exec-3] DEBUG org.hibernate.SQL - 
    insert 
    into
        tokens
        (created_at, last_used_at, rotated_at, token_value, user_id, valid_token) 
    values
        (?, ?, ?, ?, ?, ?)
2025-05-29 14:45:29 [http-nio-8080-exec-3] DEBUG org.hibernate.SQL - 
    insert 
    into
        audit_logs
        (action, timestamp, token_value, user_id) 
    values
        (?, ?, ?, ?)
2025-05-29 14:45:30 [http-nio-8080-exec-4] INFO  o.e.t.controller.TokenController - Received request: Generate token for user 'testUser33'
2025-05-29 14:45:30 [http-nio-8080-exec-4] INFO  o.e.t.service.TokenService - Generating token for user 'testUser33'
2025-05-29 14:45:30 [http-nio-8080-exec-4] DEBUG org.hibernate.SQL - 
    insert 
    into
        tokens
        (created_at, last_used_at, rotated_at, token_value, user_id, valid_token) 
    values
        (?, ?, ?, ?, ?, ?)
2025-05-29 14:45:30 [http-nio-8080-exec-4] DEBUG org.hibernate.SQL - 
    insert 
    into
        audit_logs
        (action, timestamp, token_value, user_id) 
    values
        (?, ?, ?, ?)
2025-05-29 14:45:32 [http-nio-8080-exec-5] INFO  o.e.t.controller.TokenController - Received request: Generate token for user 'testUser33'
2025-05-29 14:45:32 [http-nio-8080-exec-5] INFO  o.e.t.service.TokenService - Generating token for user 'testUser33'
2025-05-29 14:45:32 [http-nio-8080-exec-5] DEBUG org.hibernate.SQL - 
    insert 
    into
        tokens
        (created_at, last_used_at, rotated_at, token_value, user_id, valid_token) 
    values
        (?, ?, ?, ?, ?, ?)
2025-05-29 14:45:32 [http-nio-8080-exec-5] DEBUG org.hibernate.SQL - 
    insert 
    into
        audit_logs
        (action, timestamp, token_value, user_id) 
    values
        (?, ?, ?, ?)
2025-05-29 14:45:48 [http-nio-8080-exec-6] INFO  o.e.t.controller.TokenController - Received request: Rotate token 'NoF55uNnMEXyQDVADCAx3vZNWuyQidnN2vBwfp37xd8'
2025-05-29 14:45:48 [http-nio-8080-exec-6] DEBUG org.hibernate.SQL - 
    select
        t1_0.id,
        t1_0.created_at,
        t1_0.last_used_at,
        t1_0.rotated_at,
        t1_0.token_value,
        t1_0.user_id,
        t1_0.valid_token 
    from
        tokens t1_0 
    where
        t1_0.token_value=?
2025-05-29 14:45:48 [http-nio-8080-exec-6] DEBUG org.hibernate.SQL - 
    update
        tokens 
    set
        created_at=?,
        last_used_at=?,
        rotated_at=?,
        token_value=?,
        user_id=?,
        valid_token=? 
    where
        id=?
2025-05-29 14:45:48 [http-nio-8080-exec-6] DEBUG org.hibernate.SQL - 
    insert 
    into
        tokens
        (created_at, last_used_at, rotated_at, token_value, user_id, valid_token) 
    values
        (?, ?, ?, ?, ?, ?)
2025-05-29 14:45:48 [http-nio-8080-exec-6] INFO  o.e.t.service.TokenService - Token rotated for user 'testUser33'.
2025-05-29 14:45:48 [http-nio-8080-exec-6] DEBUG org.hibernate.SQL - 
    insert 
    into
        audit_logs
        (action, timestamp, token_value, user_id) 
    values
        (?, ?, ?, ?)
2025-05-29 14:45:48 [http-nio-8080-exec-6] DEBUG org.hibernate.SQL - 
    insert 
    into
        audit_logs
        (action, timestamp, token_value, user_id) 
    values
        (?, ?, ?, ?)
2025-05-29 14:45:55 [http-nio-8080-exec-7] INFO  o.e.t.controller.TokenController - Received request: List tokens for user 'testUser33'
2025-05-29 14:45:55 [http-nio-8080-exec-7] INFO  o.e.t.service.TokenService - Listing tokens for user 'testUser33'
2025-05-29 14:45:55 [http-nio-8080-exec-7] DEBUG org.hibernate.SQL - 
    select
        t1_0.id,
        t1_0.created_at,
        t1_0.last_used_at,
        t1_0.rotated_at,
        t1_0.token_value,
        t1_0.user_id,
        t1_0.valid_token 
    from
        tokens t1_0 
    where
        t1_0.user_id=?
2025-05-29 14:46:27 [http-nio-8080-exec-8] INFO  o.e.t.controller.TokenController - Received request: Generate token for user 'testUser33'
2025-05-29 14:46:27 [http-nio-8080-exec-8] INFO  o.e.t.service.TokenService - Generating token for user 'testUser33'
2025-05-29 14:46:27 [http-nio-8080-exec-8] DEBUG org.hibernate.SQL - 
    insert 
    into
        tokens
        (created_at, last_used_at, rotated_at, token_value, user_id, valid_token) 
    values
        (?, ?, ?, ?, ?, ?)
2025-05-29 14:46:27 [http-nio-8080-exec-8] DEBUG org.hibernate.SQL - 
    insert 
    into
        audit_logs
        (action, timestamp, token_value, user_id) 
    values
        (?, ?, ?, ?)
2025-05-29 14:46:36 [http-nio-8080-exec-9] INFO  o.e.t.controller.TokenController - Received request: List tokens for user 'testUser33'
2025-05-29 14:46:36 [http-nio-8080-exec-9] INFO  o.e.t.service.TokenService - Listing tokens for user 'testUser33'
2025-05-29 14:46:36 [http-nio-8080-exec-9] DEBUG org.hibernate.SQL - 
    select
        t1_0.id,
        t1_0.created_at,
        t1_0.last_used_at,
        t1_0.rotated_at,
        t1_0.token_value,
        t1_0.user_id,
        t1_0.valid_token 
    from
        tokens t1_0 
    where
        t1_0.user_id=?
2025-05-29 14:52:53 [SpringApplicationShutdownHook] INFO  o.s.o.j.LocalContainerEntityManagerFactoryBean - Closing JPA EntityManagerFactory for persistence unit 'default'
2025-05-29 14:52:53 [SpringApplicationShutdownHook] INFO  com.zaxxer.hikari.HikariDataSource - HikariPool-1 - Shutdown initiated...
2025-05-29 14:52:53 [SpringApplicationShutdownHook] INFO  com.zaxxer.hikari.HikariDataSource - HikariPool-1 - Shutdown completed.
2025-05-29 14:52:58 [main] INFO  o.e.t.TokenManagerApplication - Starting TokenManagerApplication using Java 23.0.1 with PID 5530 (/Users/isabellaoren/IdeaProjects/token-management-service/target/classes started by isabellaoren in /Users/isabellaoren/IdeaProjects/token-management-service)
2025-05-29 14:52:58 [main] INFO  o.e.t.TokenManagerApplication - No active profile set, falling back to 1 default profile: "default"
2025-05-29 14:52:58 [main] INFO  o.s.d.r.c.RepositoryConfigurationDelegate - Bootstrapping Spring Data JPA repositories in DEFAULT mode.
2025-05-29 14:52:58 [main] INFO  o.s.d.r.c.RepositoryConfigurationDelegate - Finished Spring Data repository scanning in 12 ms. Found 2 JPA repository interfaces.
2025-05-29 14:52:58 [main] INFO  o.s.b.w.e.tomcat.TomcatWebServer - Tomcat initialized with port 8080 (http)
2025-05-29 14:52:58 [main] INFO  o.a.coyote.http11.Http11NioProtocol - Initializing ProtocolHandler ["http-nio-8080"]
2025-05-29 14:52:58 [main] INFO  o.a.catalina.core.StandardService - Starting service [Tomcat]
2025-05-29 14:52:58 [main] INFO  o.a.catalina.core.StandardEngine - Starting Servlet engine: [Apache Tomcat/10.1.20]
2025-05-29 14:52:58 [main] INFO  o.a.c.c.C.[Tomcat].[localhost].[/] - Initializing Spring embedded WebApplicationContext
2025-05-29 14:52:58 [main] INFO  o.s.b.w.s.c.ServletWebServerApplicationContext - Root WebApplicationContext: initialization completed in 327 ms
2025-05-29 14:52:58 [main] INFO  o.h.jpa.internal.util.LogHelper - HHH000204: Processing PersistenceUnitInfo [name: default]
2025-05-29 14:52:58 [main] INFO  org.hibernate.Version - HHH000412: Hibernate ORM core version 6.4.4.Final
2025-05-29 14:52:58 [main] INFO  o.h.c.i.RegionFactoryInitiator - HHH000026: Second-level cache disabled
2025-05-29 14:52:58 [main] INFO  o.s.o.j.p.SpringPersistenceUnitInfo - No LoadTimeWeaver setup: ignoring JPA class transformer
2025-05-29 14:52:58 [main] INFO  com.zaxxer.hikari.HikariDataSource - HikariPool-1 - Starting...
2025-05-29 14:52:59 [main] INFO  com.zaxxer.hikari.pool.HikariPool - HikariPool-1 - Added connection org.postgresql.jdbc.PgConnection@70d3cdbf
2025-05-29 14:52:59 [main] INFO  com.zaxxer.hikari.HikariDataSource - HikariPool-1 - Start completed.
2025-05-29 14:52:59 [main] INFO  o.h.e.t.j.p.i.JtaPlatformInitiator - HHH000489: No JTA platform available (set 'hibernate.transaction.jta.platform' to enable JTA platform integration)
2025-05-29 14:52:59 [main] INFO  o.s.o.j.LocalContainerEntityManagerFactoryBean - Initialized JPA EntityManagerFactory for persistence unit 'default'
2025-05-29 14:52:59 [main] WARN  o.s.b.a.o.j.JpaBaseConfiguration$JpaWebConfiguration - spring.jpa.open-in-view is enabled by default. Therefore, database queries may be performed during view rendering. Explicitly configure spring.jpa.open-in-view to disable this warning
2025-05-29 14:52:59 [main] INFO  o.a.coyote.http11.Http11NioProtocol - Starting ProtocolHandler ["http-nio-8080"]
2025-05-29 14:52:59 [main] INFO  o.s.b.w.e.tomcat.TomcatWebServer - Tomcat started on port 8080 (http) with context path ''
2025-05-29 14:52:59 [main] INFO  o.e.t.TokenManagerApplication - Started TokenManagerApplication in 1.199 seconds (process running for 1.311)
2025-05-29 14:53:38 [http-nio-8080-exec-1] INFO  o.a.c.c.C.[Tomcat].[localhost].[/] - Initializing Spring DispatcherServlet 'dispatcherServlet'
2025-05-29 14:53:38 [http-nio-8080-exec-1] INFO  o.s.web.servlet.DispatcherServlet - Initializing Servlet 'dispatcherServlet'
2025-05-29 14:53:38 [http-nio-8080-exec-1] INFO  o.s.web.servlet.DispatcherServlet - Completed initialization in 1 ms
2025-05-29 14:53:38 [http-nio-8080-exec-1] INFO  o.e.t.controller.TokenController - Received request: Generate token for user 'testUser33'
2025-05-29 14:53:38 [http-nio-8080-exec-1] INFO  o.e.t.service.TokenService - Generating token for user 'testUser33'
2025-05-29 14:53:38 [http-nio-8080-exec-1] DEBUG org.hibernate.SQL - 
    insert 
    into
        tokens
        (created_at, last_used_at, rotated_at, token_value, user_id, valid_token) 
    values
        (?, ?, ?, ?, ?, ?)
2025-05-29 14:53:38 [http-nio-8080-exec-1] DEBUG org.hibernate.SQL - 
    insert 
    into
        audit_logs
        (action, timestamp, token_value, user_id) 
    values
        (?, ?, ?, ?)
2025-05-29 14:53:49 [http-nio-8080-exec-2] INFO  o.e.t.controller.TokenController - Received request: List ACTIVE tokens for user 'testUser33'
2025-05-29 14:53:49 [http-nio-8080-exec-2] INFO  o.e.t.service.TokenService - Listing active tokens for user 'testUser33'
2025-05-29 14:53:49 [http-nio-8080-exec-2] DEBUG org.hibernate.SQL - 
    select
        t1_0.id,
        t1_0.created_at,
        t1_0.last_used_at,
        t1_0.rotated_at,
        t1_0.token_value,
        t1_0.user_id,
        t1_0.valid_token 
    from
        tokens t1_0 
    where
        t1_0.user_id=? 
        and t1_0.valid_token
2025-05-29 14:54:00 [http-nio-8080-exec-3] INFO  o.e.t.controller.TokenController - Received request: List tokens for user 'testUser33'
2025-05-29 14:54:00 [http-nio-8080-exec-3] INFO  o.e.t.service.TokenService - Listing tokens for user 'testUser33'
2025-05-29 14:54:00 [http-nio-8080-exec-3] DEBUG org.hibernate.SQL - 
    select
        t1_0.id,
        t1_0.created_at,
        t1_0.last_used_at,
        t1_0.rotated_at,
        t1_0.token_value,
        t1_0.user_id,
        t1_0.valid_token 
    from
        tokens t1_0 
    where
        t1_0.user_id=?
2025-05-29 14:54:24 [SpringApplicationShutdownHook] INFO  o.s.o.j.LocalContainerEntityManagerFactoryBean - Closing JPA EntityManagerFactory for persistence unit 'default'
2025-05-29 14:54:24 [SpringApplicationShutdownHook] INFO  com.zaxxer.hikari.HikariDataSource - HikariPool-1 - Shutdown initiated...
2025-05-29 14:54:24 [SpringApplicationShutdownHook] INFO  com.zaxxer.hikari.HikariDataSource - HikariPool-1 - Shutdown completed.
2025-05-29 15:03:23 [main] INFO  o.e.t.controller.TokenControllerTest - Starting TokenControllerTest using Java 23.0.1 with PID 6085 (started by isabellaoren in /Users/isabellaoren/IdeaProjects/token-management-service)
2025-05-29 15:03:23 [main] INFO  o.e.t.controller.TokenControllerTest - No active profile set, falling back to 1 default profile: "default"
2025-05-29 15:03:24 [main] INFO  o.s.b.t.m.w.SpringBootMockServletContext - Initializing Spring TestDispatcherServlet ''
2025-05-29 15:03:24 [main] INFO  o.s.t.w.s.TestDispatcherServlet - Initializing Servlet ''
2025-05-29 15:03:24 [main] INFO  o.s.t.w.s.TestDispatcherServlet - Completed initialization in 1 ms
2025-05-29 15:03:24 [main] INFO  o.e.t.controller.TokenControllerTest - Started TokenControllerTest in 0.914 seconds (process running for 1.296)
2025-05-29 15:03:24 [main] INFO  o.e.t.controller.TokenController - Received request: Invalidate token 't123'
2025-05-29 15:03:24 [main] INFO  o.e.t.controller.TokenController - Received request: Generate token for user 'user1'
2025-05-29 15:03:24 [main] INFO  o.e.t.controller.TokenController - Received request: List tokens for user 'user1'
2025-05-29 15:03:24 [main] INFO  o.e.t.controller.TokenController - Received request: Rotate token 'oldToken'
2025-05-29 15:03:24 [main] INFO  o.e.t.service.TokenService - Generating token for user 'testUser'
2025-05-29 15:03:24 [main] INFO  o.e.t.service.TokenService - Attempting to invalidate token: notFoundToken
2025-05-29 15:03:24 [main] ERROR o.e.t.service.TokenService - Token invalidation failed: token not found - notFoundToken
2025-05-29 15:03:24 [main] INFO  o.e.t.service.TokenService - Listing tokens for user 'noUser'
2025-05-29 15:03:24 [main] WARN  o.e.t.service.TokenService - Token already invalid: rawOld
2025-05-29 15:03:24 [main] INFO  o.e.t.service.TokenService - Generating token for user 'auditTest'
2025-05-29 15:03:24 [main] INFO  o.e.t.service.TokenService - Token rotated for user 'testUser'.
2025-05-29 15:03:24 [main] INFO  o.e.t.service.TokenService - Attempting to invalidate token: rawToken
2025-05-29 15:03:24 [main] INFO  o.e.t.service.TokenService - Token invalidated for user 'user1'.
2025-05-29 15:03:24 [main] ERROR o.e.t.service.TokenService - Token rotation failed: token not found - invalidToken
2025-05-29 15:03:24 [main] INFO  o.e.t.service.TokenService - Attempting to invalidate token: missingToken
2025-05-29 15:03:24 [main] ERROR o.e.t.service.TokenService - Token invalidation failed: token not found - missingToken
